2019-01-09 16:07:24,043 - main:217 - DEBUG - Using server http://192.168.5.93:8072
2019-01-09 16:07:24,043 - main:219 - DEBUG - Using group rtls_arman_wifi_18_10_97_1
2019-01-09 16:07:24,069 - tshark_is_running:125 - DEBUG - tshark is running: False
2019-01-09 16:07:24,097 - tshark_is_running:125 - DEBUG - tshark is running: True
2019-01-09 16:07:24,098 - start_scan:137 - INFO - Starting scan
2019-01-09 16:07:24,098 - main:232 - DEBUG - Processing scan started  
NoneType: None
2019-01-09 16:07:24,119 - tshark_is_running:125 - DEBUG - tshark is running: True
2019-01-09 16:07:24,120 - process_scan:48 - DEBUG - Reading files...
2019-01-09 16:07:24,120 - process_scan:59 - DEBUG - Reading from 
2019-01-09 16:07:24,369 - process_scan:90 - DEBUG - ..done
2019-01-09 16:07:24,370 - process_scan:102 - DEBUG - Processed 0 lines, found 0 fingerprints in 0 relevant lines
2019-01-09 16:07:24,370 - process_scan:108 - DEBUG - {'node': 'h-pc', 'signals': [], 'timestamp': 1547037444}
2019-01-09 16:07:27,403 - tshark_is_running:125 - DEBUG - tshark is running: False
2019-01-09 16:07:27,426 - tshark_is_running:125 - DEBUG - tshark is running: True
2019-01-09 16:07:27,427 - start_scan:137 - INFO - Starting scan
2019-01-09 16:07:27,428 - process_scan:48 - DEBUG - Reading files...
2019-01-09 16:07:27,428 - process_scan:59 - DEBUG - Reading from 
2019-01-09 16:07:27,701 - process_scan:90 - DEBUG - ..done
2019-01-09 16:07:27,702 - process_scan:102 - DEBUG - Processed 0 lines, found 0 fingerprints in 0 relevant lines
2019-01-09 16:07:27,702 - process_scan:108 - DEBUG - {'node': 'h-pc', 'signals': [], 'timestamp': 1547037447}
2019-01-09 16:07:28,098 - tshark_is_running:125 - DEBUG - tshark is running: False
2019-01-09 16:18:34,560 - main:218 - DEBUG - Using server http://192.168.5.93:8072
2019-01-09 16:18:34,561 - main:220 - DEBUG - Using group rtls_arman_wifi_18_10_97_1
2019-01-09 16:18:34,580 - tshark_is_running:126 - DEBUG - tshark is running: False
2019-01-09 16:18:34,605 - tshark_is_running:126 - DEBUG - tshark is running: True
2019-01-09 16:18:34,606 - start_scan:138 - INFO - Starting scan
2019-01-09 16:18:34,606 - main:233 - DEBUG - Processing scan started  
NoneType: None
2019-01-09 16:18:34,630 - tshark_is_running:126 - DEBUG - tshark is running: True
2019-01-09 16:18:34,631 - process_scan:48 - DEBUG - Reading files...
2019-01-09 16:18:34,631 - process_scan:59 - DEBUG - Reading from 
2019-01-09 16:18:34,923 - process_scan:90 - DEBUG - ..done
2019-01-09 16:18:34,924 - main:257 - ERROR - Fatal error in main loop
Traceback (most recent call last):
  File "scan-wifi.py", line 246, in main
    payload = process_scan(args.time)
  File "scan-wifi.py", line 100, in process_scan
    logger.debug("mac:"+mac+ ",rssis: "+ str(fingerprints[mac]))
UnboundLocalError: local variable 'mac' referenced before assignment
2019-01-09 16:18:36,535 - tshark_is_running:126 - DEBUG - tshark is running: False
2019-01-09 16:18:43,522 - main:218 - DEBUG - Using server http://192.168.5.93:8072
2019-01-09 16:18:43,522 - main:220 - DEBUG - Using group rtls_arman_wifi_18_10_97_1
2019-01-09 16:18:43,552 - tshark_is_running:126 - DEBUG - tshark is running: False
2019-01-09 16:18:43,578 - tshark_is_running:126 - DEBUG - tshark is running: True
2019-01-09 16:18:43,578 - start_scan:138 - INFO - Starting scan
2019-01-09 16:18:43,579 - main:233 - DEBUG - Processing scan started  
NoneType: None
2019-01-09 16:18:43,600 - tshark_is_running:126 - DEBUG - tshark is running: True
2019-01-09 16:18:43,600 - process_scan:48 - DEBUG - Reading files...
2019-01-09 16:18:43,601 - process_scan:59 - DEBUG - Reading from 
2019-01-09 16:18:43,841 - process_scan:90 - DEBUG - ..done
2019-01-09 16:18:43,841 - main:257 - ERROR - Fatal error in main loop
Traceback (most recent call last):
  File "scan-wifi.py", line 246, in main
    payload = process_scan(args.time)
  File "scan-wifi.py", line 100, in process_scan
    logger.debug("mac:"+mac+ ",rssis: "+ str(fingerprints[mac]))
UnboundLocalError: local variable 'mac' referenced before assignment
2019-01-09 16:18:46,871 - tshark_is_running:126 - DEBUG - tshark is running: False
2019-01-09 16:18:46,894 - tshark_is_running:126 - DEBUG - tshark is running: True
2019-01-09 16:18:46,894 - start_scan:138 - INFO - Starting scan
2019-01-09 16:18:46,894 - process_scan:48 - DEBUG - Reading files...
2019-01-09 16:18:46,895 - process_scan:59 - DEBUG - Reading from 
2019-01-09 16:18:47,138 - process_scan:90 - DEBUG - ..done
2019-01-09 16:18:47,138 - main:257 - ERROR - Fatal error in main loop
Traceback (most recent call last):
  File "scan-wifi.py", line 246, in main
    payload = process_scan(args.time)
  File "scan-wifi.py", line 100, in process_scan
    logger.debug("mac:"+mac+ ",rssis: "+ str(fingerprints[mac]))
UnboundLocalError: local variable 'mac' referenced before assignment
2019-01-09 16:18:47,224 - tshark_is_running:126 - DEBUG - tshark is running: False
2019-01-09 16:19:15,999 - main:218 - DEBUG - Using server http://192.168.5.93:8072
2019-01-09 16:19:15,999 - main:220 - DEBUG - Using group rtls_arman_wifi_18_10_97_1
2019-01-09 16:19:16,024 - tshark_is_running:126 - DEBUG - tshark is running: False
2019-01-09 16:19:16,048 - tshark_is_running:126 - DEBUG - tshark is running: True
2019-01-09 16:19:16,049 - start_scan:138 - INFO - Starting scan
2019-01-09 16:19:16,049 - main:233 - DEBUG - Processing scan started  
NoneType: None
2019-01-09 16:19:16,071 - tshark_is_running:126 - DEBUG - tshark is running: True
2019-01-09 16:19:16,072 - process_scan:48 - DEBUG - Reading files...
2019-01-09 16:19:16,072 - process_scan:59 - DEBUG - Reading from 
2019-01-09 16:19:16,322 - process_scan:90 - DEBUG - ..done
2019-01-09 16:19:16,322 - process_scan:103 - DEBUG - Processed 0 lines, found 0 fingerprints in 0 relevant lines
2019-01-09 16:19:16,322 - process_scan:109 - DEBUG - {'node': 'h-pc', 'signals': [], 'timestamp': 1547038156}
2019-01-09 16:19:19,351 - tshark_is_running:126 - DEBUG - tshark is running: False
2019-01-09 16:19:19,374 - tshark_is_running:126 - DEBUG - tshark is running: True
2019-01-09 16:19:19,375 - start_scan:138 - INFO - Starting scan
2019-01-09 16:19:19,375 - process_scan:48 - DEBUG - Reading files...
2019-01-09 16:19:19,375 - process_scan:59 - DEBUG - Reading from 
2019-01-09 16:19:19,648 - process_scan:90 - DEBUG - ..done
2019-01-09 16:19:19,648 - process_scan:103 - DEBUG - Processed 0 lines, found 0 fingerprints in 0 relevant lines
2019-01-09 16:19:19,649 - process_scan:109 - DEBUG - {'node': 'h-pc', 'signals': [], 'timestamp': 1547038159}
2019-01-09 16:19:22,687 - tshark_is_running:126 - DEBUG - tshark is running: False
2019-01-09 16:19:22,716 - tshark_is_running:126 - DEBUG - tshark is running: True
2019-01-09 16:19:22,717 - start_scan:138 - INFO - Starting scan
2019-01-09 16:19:22,717 - process_scan:48 - DEBUG - Reading files...
2019-01-09 16:19:22,717 - process_scan:59 - DEBUG - Reading from 
2019-01-09 16:19:22,954 - process_scan:90 - DEBUG - ..done
2019-01-09 16:19:22,954 - process_scan:103 - DEBUG - Processed 0 lines, found 0 fingerprints in 0 relevant lines
2019-01-09 16:19:22,954 - process_scan:109 - DEBUG - {'node': 'h-pc', 'signals': [], 'timestamp': 1547038162}
2019-01-09 16:19:24,764 - tshark_is_running:126 - DEBUG - tshark is running: False
